2019-02-12 14:37:57,944 INFO o.a.j.u.JMeterUtils: Setting Locale to en_EN
2019-02-12 14:37:57,964 INFO o.a.j.JMeter: Loading user properties from: user.properties
2019-02-12 14:37:57,965 INFO o.a.j.JMeter: Loading system properties from: system.properties
2019-02-12 14:37:57,965 INFO o.a.j.JMeter: Setting System property: java.rmi.server.hostname=71.78.149.194
2019-02-12 14:37:57,970 INFO o.a.j.JMeter: Copyright (c) 1998-2018 The Apache Software Foundation
2019-02-12 14:37:57,970 INFO o.a.j.JMeter: Version 5.0 r1840935
2019-02-12 14:37:57,970 INFO o.a.j.JMeter: java.version=1.8.0_191
2019-02-12 14:37:57,970 INFO o.a.j.JMeter: java.vm.name=Java HotSpot(TM) 64-Bit Server VM
2019-02-12 14:37:57,970 INFO o.a.j.JMeter: os.name=Mac OS X
2019-02-12 14:37:57,970 INFO o.a.j.JMeter: os.arch=x86_64
2019-02-12 14:37:57,970 INFO o.a.j.JMeter: os.version=10.14.2
2019-02-12 14:37:57,970 INFO o.a.j.JMeter: file.encoding=UTF-8
2019-02-12 14:37:57,970 INFO o.a.j.JMeter: Max memory     =1073741824
2019-02-12 14:37:57,970 INFO o.a.j.JMeter: Available Processors =4
2019-02-12 14:37:57,973 INFO o.a.j.JMeter: Default Locale=English (EN)
2019-02-12 14:37:57,974 INFO o.a.j.JMeter: JMeter  Locale=English (EN)
2019-02-12 14:37:57,974 INFO o.a.j.JMeter: JMeterHome=/Users/sjain/apache-jmeter-5.0
2019-02-12 14:37:57,974 INFO o.a.j.JMeter: user.dir  =/Users/sjain/apache-jmeter-5.0/bin
2019-02-12 14:37:57,974 INFO o.a.j.JMeter: PWD       =/Users/sjain/apache-jmeter-5.0/bin
2019-02-12 14:37:57,977 INFO o.a.j.JMeter: IP: 10.192.69.124 Name: FVFXJ197HV2H.local FullName: 10.192.69.124
2019-02-12 14:37:57,980 INFO o.a.j.s.FileServer: Default base='/Users/sjain/apache-jmeter-5.0/bin'
2019-02-12 14:37:57,984 INFO o.a.j.s.FileServer: Set new base='/Users/sjain/Work/trials'
2019-02-12 14:37:58,113 INFO o.a.j.s.SaveService: Testplan (JMX) version: 2.2. Testlog (JTL) version: 2.2
2019-02-12 14:37:58,129 INFO o.a.j.s.SaveService: Using SaveService properties file encoding UTF-8
2019-02-12 14:37:58,132 INFO o.a.j.s.SaveService: Using SaveService properties version 5.0
2019-02-12 14:37:58,137 INFO o.a.j.s.SaveService: Loading file: /Users/sjain/Work/trials/Test2.jmx
2019-02-12 14:37:58,176 INFO o.a.j.p.h.s.HTTPSamplerBase: Parser for text/html is org.apache.jmeter.protocol.http.parser.LagartoBasedHtmlParser
2019-02-12 14:37:58,176 INFO o.a.j.p.h.s.HTTPSamplerBase: Parser for application/xhtml+xml is org.apache.jmeter.protocol.http.parser.LagartoBasedHtmlParser
2019-02-12 14:37:58,176 INFO o.a.j.p.h.s.HTTPSamplerBase: Parser for application/xml is org.apache.jmeter.protocol.http.parser.LagartoBasedHtmlParser
2019-02-12 14:37:58,176 INFO o.a.j.p.h.s.HTTPSamplerBase: Parser for text/xml is org.apache.jmeter.protocol.http.parser.LagartoBasedHtmlParser
2019-02-12 14:37:58,176 INFO o.a.j.p.h.s.HTTPSamplerBase: Parser for text/vnd.wap.wml is org.apache.jmeter.protocol.http.parser.RegexpHTMLParser
2019-02-12 14:37:58,176 INFO o.a.j.p.h.s.HTTPSamplerBase: Parser for text/css is org.apache.jmeter.protocol.http.parser.CssParser
2019-02-12 14:37:58,191 INFO o.a.j.JMeter: Creating summariser <summary>
2019-02-12 14:37:58,193 INFO o.a.j.e.DistributedRunner: Configuring remote engine: 54.224.212.203
2019-02-12 14:37:58,195 INFO o.a.j.r.RmiUtils: Disabling SSL for RMI as server.rmi.ssl.disable is set to 'true'
2019-02-12 14:39:13,594 ERROR o.a.j.e.DistributedRunner: Failed to create engine at 54.224.212.203
java.rmi.ConnectException: Connection refused to host: 54.224.212.203; nested exception is: 
	java.net.ConnectException: Operation timed out (Connection timed out)
	at sun.rmi.transport.tcp.TCPEndpoint.newSocket(TCPEndpoint.java:619) ~[?:1.8.0_191]
	at sun.rmi.transport.tcp.TCPChannel.createConnection(TCPChannel.java:216) ~[?:1.8.0_191]
	at sun.rmi.transport.tcp.TCPChannel.newConnection(TCPChannel.java:202) ~[?:1.8.0_191]
	at sun.rmi.server.UnicastRef.newCall(UnicastRef.java:338) ~[?:1.8.0_191]
	at sun.rmi.registry.RegistryImpl_Stub.lookup(RegistryImpl_Stub.java:112) ~[?:1.8.0_191]
	at org.apache.jmeter.engine.ClientJMeterEngine.getEngine(ClientJMeterEngine.java:70) ~[ApacheJMeter_core.jar:5.0 r1840935]
	at org.apache.jmeter.engine.ClientJMeterEngine.<init>(ClientJMeterEngine.java:83) ~[ApacheJMeter_core.jar:5.0 r1840935]
	at org.apache.jmeter.engine.DistributedRunner.createEngine(DistributedRunner.java:236) ~[ApacheJMeter_core.jar:5.0 r1840935]
	at org.apache.jmeter.engine.DistributedRunner.getClientEngine(DistributedRunner.java:213) [ApacheJMeter_core.jar:5.0 r1840935]
	at org.apache.jmeter.engine.DistributedRunner.init(DistributedRunner.java:93) [ApacheJMeter_core.jar:5.0 r1840935]
	at org.apache.jmeter.JMeter.runNonGui(JMeter.java:1069) [ApacheJMeter_core.jar:5.0 r1840935]
	at org.apache.jmeter.JMeter.startNonGui(JMeter.java:973) [ApacheJMeter_core.jar:5.0 r1840935]
	at org.apache.jmeter.JMeter.start(JMeter.java:555) [ApacheJMeter_core.jar:5.0 r1840935]
	at sun.reflect.NativeMethodAccessorImpl.invoke0(Native Method) ~[?:1.8.0_191]
	at sun.reflect.NativeMethodAccessorImpl.invoke(NativeMethodAccessorImpl.java:62) ~[?:1.8.0_191]
	at sun.reflect.DelegatingMethodAccessorImpl.invoke(DelegatingMethodAccessorImpl.java:43) ~[?:1.8.0_191]
	at java.lang.reflect.Method.invoke(Method.java:498) ~[?:1.8.0_191]
	at org.apache.jmeter.NewDriver.main(NewDriver.java:245) [ApacheJMeter.jar:5.0 r1840935]
Caused by: java.net.ConnectException: Operation timed out (Connection timed out)
	at java.net.PlainSocketImpl.socketConnect(Native Method) ~[?:1.8.0_191]
	at java.net.AbstractPlainSocketImpl.doConnect(AbstractPlainSocketImpl.java:350) ~[?:1.8.0_191]
	at java.net.AbstractPlainSocketImpl.connectToAddress(AbstractPlainSocketImpl.java:206) ~[?:1.8.0_191]
	at java.net.AbstractPlainSocketImpl.connect(AbstractPlainSocketImpl.java:188) ~[?:1.8.0_191]
	at java.net.SocksSocketImpl.connect(SocksSocketImpl.java:392) ~[?:1.8.0_191]
	at java.net.Socket.connect(Socket.java:589) ~[?:1.8.0_191]
	at java.net.Socket.connect(Socket.java:538) ~[?:1.8.0_191]
	at java.net.Socket.<init>(Socket.java:434) ~[?:1.8.0_191]
	at java.net.Socket.<init>(Socket.java:211) ~[?:1.8.0_191]
	at sun.rmi.transport.proxy.RMIDirectSocketFactory.createSocket(RMIDirectSocketFactory.java:40) ~[?:1.8.0_191]
	at sun.rmi.transport.proxy.RMIMasterSocketFactory.createSocket(RMIMasterSocketFactory.java:148) ~[?:1.8.0_191]
	at sun.rmi.transport.tcp.TCPEndpoint.newSocket(TCPEndpoint.java:613) ~[?:1.8.0_191]
	... 17 more
2019-02-12 14:39:13,600 ERROR o.a.j.u.JMeterUtils: Connection refused to host: 54.224.212.203; nested exception is: 
	java.net.ConnectException: Operation timed out (Connection timed out)
2019-02-12 14:39:13,600 INFO o.a.j.e.DistributedRunner: Failed to configure 54.224.212.203
2019-02-12 14:39:13,600 INFO o.a.j.e.DistributedRunner: Stopping remote engines
2019-02-12 14:39:13,601 INFO o.a.j.e.DistributedRunner: Remote engines have been stopped
2019-02-12 14:39:13,601 ERROR o.a.j.JMeter: Error in NonGUIDriver
java.lang.RuntimeException: Following remote engines could not be configured:[54.224.212.203]
	at org.apache.jmeter.engine.DistributedRunner.init(DistributedRunner.java:112) ~[ApacheJMeter_core.jar:5.0 r1840935]
	at org.apache.jmeter.JMeter.runNonGui(JMeter.java:1069) [ApacheJMeter_core.jar:5.0 r1840935]
	at org.apache.jmeter.JMeter.startNonGui(JMeter.java:973) [ApacheJMeter_core.jar:5.0 r1840935]
	at org.apache.jmeter.JMeter.start(JMeter.java:555) [ApacheJMeter_core.jar:5.0 r1840935]
	at sun.reflect.NativeMethodAccessorImpl.invoke0(Native Method) ~[?:1.8.0_191]
	at sun.reflect.NativeMethodAccessorImpl.invoke(NativeMethodAccessorImpl.java:62) ~[?:1.8.0_191]
	at sun.reflect.DelegatingMethodAccessorImpl.invoke(DelegatingMethodAccessorImpl.java:43) ~[?:1.8.0_191]
	at java.lang.reflect.Method.invoke(Method.java:498) ~[?:1.8.0_191]
	at org.apache.jmeter.NewDriver.main(NewDriver.java:245) [ApacheJMeter.jar:5.0 r1840935]
